type=AVC msg=audit(1423535490.810:320691): avc:  denied  { create } for  pid=12101 comm="sudo" scontext=unconfined_u:system_r:httpd_t:s0 tcontext=unconfined_u:system_r:httpd_t:s0 tclass=netlink_audit_socket
type=AVC msg=audit(1423575200.959:322262): avc:  denied  { create } for  pid=25601 comm="sudo" scontext=unconfined_u:system_r:httpd_t:s0 tcontext=unconfined_u:system_r:httpd_t:s0 tclass=netlink_audit_socket
type=AVC msg=audit(1423575527.660:322295): avc:  denied  { create } for  pid=25799 comm="sudo" scontext=unconfined_u:system_r:httpd_t:s0 tcontext=unconfined_u:system_r:httpd_t:s0 tclass=netlink_audit_socket
type=AVC msg=audit(1423575530.439:322296): avc:  denied  { create } for  pid=25816 comm="sudo" scontext=unconfined_u:system_r:httpd_t:s0 tcontext=unconfined_u:system_r:httpd_t:s0 tclass=netlink_audit_socket
type=AVC msg=audit(1423575531.668:322297): avc:  denied  { create } for  pid=25827 comm="sudo" scontext=unconfined_u:system_r:httpd_t:s0 tcontext=unconfined_u:system_r:httpd_t:s0 tclass=netlink_audit_socket
type=AVC msg=audit(1423575532.646:322298): avc:  denied  { create } for  pid=25838 comm="sudo" scontext=unconfined_u:system_r:httpd_t:s0 tcontext=unconfined_u:system_r:httpd_t:s0 tclass=netlink_audit_socket
type=AVC msg=audit(1423576592.538:322329): avc:  denied  { create } for  pid=26160 comm="sudo" scontext=unconfined_u:system_r:httpd_t:s0 tcontext=unconfined_u:system_r:httpd_t:s0 tclass=netlink_audit_socket
type=AVC msg=audit(1423576593.819:322330): avc:  denied  { create } for  pid=26166 comm="sudo" scontext=unconfined_u:system_r:httpd_t:s0 tcontext=unconfined_u:system_r:httpd_t:s0 tclass=netlink_audit_socket
type=AVC msg=audit(1423578043.849:322380): avc:  denied  { create } for  pid=26625 comm="sudo" scontext=unconfined_u:system_r:httpd_t:s0 tcontext=unconfined_u:system_r:httpd_t:s0 tclass=netlink_audit_socket
type=AVC msg=audit(1423578630.350:322415): avc:  denied  { search } for  pid=26788 comm="sudo" name="26787" dev=proc ino=20527210 scontext=unconfined_u:system_r:httpd_sys_script_t:s0 tcontext=unconfined_u:system_r:httpd_t:s0 tclass=dir
type=AVC msg=audit(1423578630.352:322416): avc:  denied  { setuid } for  pid=26788 comm="sudo" capability=7  scontext=unconfined_u:system_r:httpd_sys_script_t:s0 tcontext=unconfined_u:system_r:httpd_sys_script_t:s0 tclass=capability
type=AVC msg=audit(1423578630.352:322417): avc:  denied  { setgid } for  pid=26788 comm="sudo" capability=6  scontext=unconfined_u:system_r:httpd_sys_script_t:s0 tcontext=unconfined_u:system_r:httpd_sys_script_t:s0 tclass=capability
type=AVC msg=audit(1423580023.503:322486): avc:  denied  { setuid } for  pid=27434 comm="sudo" capability=7  scontext=unconfined_u:system_r:httpd_sys_script_t:s0 tcontext=unconfined_u:system_r:httpd_sys_script_t:s0 tclass=capability
type=AVC msg=audit(1423580023.503:322487): avc:  denied  { setgid } for  pid=27434 comm="sudo" capability=6  scontext=unconfined_u:system_r:httpd_sys_script_t:s0 tcontext=unconfined_u:system_r:httpd_sys_script_t:s0 tclass=capability
type=AVC msg=audit(1423580549.761:322539): avc:  denied  { search } for  pid=27742 comm="sudo" name="27741" dev=proc ino=20536405 scontext=unconfined_u:system_r:httpd_sys_script_t:s0 tcontext=unconfined_u:system_r:httpd_t:s0 tclass=dir
type=AVC msg=audit(1423580549.764:322540): avc:  denied  { setuid } for  pid=27742 comm="sudo" capability=7  scontext=unconfined_u:system_r:httpd_sys_script_t:s0 tcontext=unconfined_u:system_r:httpd_sys_script_t:s0 tclass=capability
type=AVC msg=audit(1423580549.764:322541): avc:  denied  { setgid } for  pid=27742 comm="sudo" capability=6  scontext=unconfined_u:system_r:httpd_sys_script_t:s0 tcontext=unconfined_u:system_r:httpd_sys_script_t:s0 tclass=capability
type=AVC msg=audit(1423580552.473:322542): avc:  denied  { search } for  pid=27772 comm="sudo" name="27771" dev=proc ino=20536556 scontext=unconfined_u:system_r:httpd_sys_script_t:s0 tcontext=unconfined_u:system_r:httpd_t:s0 tclass=dir
type=AVC msg=audit(1423580552.474:322543): avc:  denied  { setuid } for  pid=27772 comm="sudo" capability=7  scontext=unconfined_u:system_r:httpd_sys_script_t:s0 tcontext=unconfined_u:system_r:httpd_sys_script_t:s0 tclass=capability
type=AVC msg=audit(1423580552.474:322544): avc:  denied  { setgid } for  pid=27772 comm="sudo" capability=6  scontext=unconfined_u:system_r:httpd_sys_script_t:s0 tcontext=unconfined_u:system_r:httpd_sys_script_t:s0 tclass=capability
type=AVC msg=audit(1423580559.626:322545): avc:  denied  { search } for  pid=27797 comm="sudo" name="27796" dev=proc ino=20536671 scontext=unconfined_u:system_r:httpd_sys_script_t:s0 tcontext=unconfined_u:system_r:httpd_t:s0 tclass=dir
type=AVC msg=audit(1423580559.628:322546): avc:  denied  { setuid } for  pid=27797 comm="sudo" capability=7  scontext=unconfined_u:system_r:httpd_sys_script_t:s0 tcontext=unconfined_u:system_r:httpd_sys_script_t:s0 tclass=capability
type=AVC msg=audit(1423580559.628:322547): avc:  denied  { setgid } for  pid=27797 comm="sudo" capability=6  scontext=unconfined_u:system_r:httpd_sys_script_t:s0 tcontext=unconfined_u:system_r:httpd_sys_script_t:s0 tclass=capability
type=AVC msg=audit(1423580566.555:322548): avc:  denied  { search } for  pid=27821 comm="sudo" name="27820" dev=proc ino=20536781 scontext=unconfined_u:system_r:httpd_sys_script_t:s0 tcontext=unconfined_u:system_r:httpd_t:s0 tclass=dir
type=AVC msg=audit(1423580566.557:322549): avc:  denied  { setuid } for  pid=27821 comm="sudo" capability=7  scontext=unconfined_u:system_r:httpd_sys_script_t:s0 tcontext=unconfined_u:system_r:httpd_sys_script_t:s0 tclass=capability
type=AVC msg=audit(1423580566.557:322550): avc:  denied  { setgid } for  pid=27821 comm="sudo" capability=6  scontext=unconfined_u:system_r:httpd_sys_script_t:s0 tcontext=unconfined_u:system_r:httpd_sys_script_t:s0 tclass=capability
type=AVC msg=audit(1423580567.608:322551): avc:  denied  { search } for  pid=27845 comm="sudo" name="27844" dev=proc ino=20536891 scontext=unconfined_u:system_r:httpd_sys_script_t:s0 tcontext=unconfined_u:system_r:httpd_t:s0 tclass=dir
type=AVC msg=audit(1423580567.610:322552): avc:  denied  { setuid } for  pid=27845 comm="sudo" capability=7  scontext=unconfined_u:system_r:httpd_sys_script_t:s0 tcontext=unconfined_u:system_r:httpd_sys_script_t:s0 tclass=capability
type=AVC msg=audit(1423580567.610:322553): avc:  denied  { setgid } for  pid=27845 comm="sudo" capability=6  scontext=unconfined_u:system_r:httpd_sys_script_t:s0 tcontext=unconfined_u:system_r:httpd_sys_script_t:s0 tclass=capability
type=AVC msg=audit(1423581390.657:322581): avc:  denied  { search } for  pid=28152 comm="sudo" name="28151" dev=proc ino=20540978 scontext=unconfined_u:system_r:httpd_sys_script_t:s0 tcontext=unconfined_u:system_r:httpd_t:s0 tclass=dir
type=AVC msg=audit(1423581390.657:322581): avc:  denied  { read } for  pid=28152 comm="sudo" name="stat" dev=proc ino=20540979 scontext=unconfined_u:system_r:httpd_sys_script_t:s0 tcontext=unconfined_u:system_r:httpd_t:s0 tclass=file
type=AVC msg=audit(1423581390.657:322581): avc:  denied  { open } for  pid=28152 comm="sudo" name="stat" dev=proc ino=20540979 scontext=unconfined_u:system_r:httpd_sys_script_t:s0 tcontext=unconfined_u:system_r:httpd_t:s0 tclass=file
type=AVC msg=audit(1423581390.657:322582): avc:  denied  { getattr } for  pid=28152 comm="sudo" path="/proc/28151/stat" dev=proc ino=20540979 scontext=unconfined_u:system_r:httpd_sys_script_t:s0 tcontext=unconfined_u:system_r:httpd_t:s0 tclass=file
type=AVC msg=audit(1423581390.659:322583): avc:  denied  { setuid } for  pid=28152 comm="sudo" capability=7  scontext=unconfined_u:system_r:httpd_sys_script_t:s0 tcontext=unconfined_u:system_r:httpd_sys_script_t:s0 tclass=capability
type=AVC msg=audit(1423581390.659:322584): avc:  denied  { setgid } for  pid=28152 comm="sudo" capability=6  scontext=unconfined_u:system_r:httpd_sys_script_t:s0 tcontext=unconfined_u:system_r:httpd_sys_script_t:s0 tclass=capability
type=AVC msg=audit(1423581390.661:322585): avc:  denied  { write } for  pid=28152 comm="sudo" name="log" dev=devtmpfs ino=12560 scontext=unconfined_u:system_r:httpd_sys_script_t:s0 tcontext=system_u:object_r:devlog_t:s0 tclass=sock_file
type=AVC msg=audit(1423581390.661:322585): avc:  denied  { sendto } for  pid=28152 comm="sudo" path="/dev/log" scontext=unconfined_u:system_r:httpd_sys_script_t:s0 tcontext=system_u:system_r:syslogd_t:s0 tclass=unix_dgram_socket
type=AVC msg=audit(1423581390.662:322586): avc:  denied  { create } for  pid=28152 comm="sudo" scontext=unconfined_u:system_r:httpd_sys_script_t:s0 tcontext=unconfined_u:system_r:httpd_sys_script_t:s0 tclass=netlink_audit_socket
type=AVC msg=audit(1423581390.662:322587): avc:  denied  { nlmsg_relay } for  pid=28152 comm="sudo" scontext=unconfined_u:system_r:httpd_sys_script_t:s0 tcontext=unconfined_u:system_r:httpd_sys_script_t:s0 tclass=netlink_audit_socket
type=AVC msg=audit(1423581390.662:322587): avc:  denied  { audit_write } for  pid=28152 comm="sudo" capability=29  scontext=unconfined_u:system_r:httpd_sys_script_t:s0 tcontext=unconfined_u:system_r:httpd_sys_script_t:s0 tclass=capability
type=AVC msg=audit(1423581390.662:322589): avc:  denied  { setuid } for  pid=28152 comm="sudo" capability=7  scontext=unconfined_u:system_r:httpd_sys_script_t:s0 tcontext=unconfined_u:system_r:httpd_sys_script_t:s0 tclass=capability
type=AVC msg=audit(1423581390.662:322590): avc:  denied  { setgid } for  pid=28152 comm="sudo" capability=6  scontext=unconfined_u:system_r:httpd_sys_script_t:s0 tcontext=unconfined_u:system_r:httpd_sys_script_t:s0 tclass=capability
type=AVC msg=audit(1423581390.662:322593): avc:  denied  { setrlimit } for  pid=28155 comm="sudo" scontext=unconfined_u:system_r:httpd_sys_script_t:s0 tcontext=unconfined_u:system_r:httpd_sys_script_t:s0 tclass=process
type=AVC msg=audit(1423581390.662:322593): avc:  denied  { sys_resource } for  pid=28155 comm="sudo" capability=24  scontext=unconfined_u:system_r:httpd_sys_script_t:s0 tcontext=unconfined_u:system_r:httpd_sys_script_t:s0 tclass=capability
type=AVC msg=audit(1423581427.438:322607): avc:  denied  { search } for  pid=28294 comm="sudo" name="28293" dev=proc ino=20541803 scontext=unconfined_u:system_r:httpd_sys_script_t:s0 tcontext=unconfined_u:system_r:httpd_t:s0 tclass=dir
type=AVC msg=audit(1423581427.439:322608): avc:  denied  { setuid } for  pid=28294 comm="sudo" capability=7  scontext=unconfined_u:system_r:httpd_sys_script_t:s0 tcontext=unconfined_u:system_r:httpd_sys_script_t:s0 tclass=capability
type=AVC msg=audit(1423581427.440:322609): avc:  denied  { setgid } for  pid=28294 comm="sudo" capability=6  scontext=unconfined_u:system_r:httpd_sys_script_t:s0 tcontext=unconfined_u:system_r:httpd_sys_script_t:s0 tclass=capability
type=AVC msg=audit(1423581491.800:322617): avc:  denied  { search } for  pid=28345 comm="sudo" name="28344" dev=proc ino=20542250 scontext=unconfined_u:system_r:httpd_sys_script_t:s0 tcontext=unconfined_u:system_r:httpd_t:s0 tclass=dir
type=AVC msg=audit(1423581491.802:322618): avc:  denied  { setuid } for  pid=28345 comm="sudo" capability=7  scontext=unconfined_u:system_r:httpd_sys_script_t:s0 tcontext=unconfined_u:system_r:httpd_sys_script_t:s0 tclass=capability
type=AVC msg=audit(1423581491.802:322619): avc:  denied  { setgid } for  pid=28345 comm="sudo" capability=6  scontext=unconfined_u:system_r:httpd_sys_script_t:s0 tcontext=unconfined_u:system_r:httpd_sys_script_t:s0 tclass=capability
type=AVC msg=audit(1423582417.047:322861): avc:  denied  { dac_override } for  pid=29436 comm="sudo" capability=1  scontext=unconfined_u:system_r:httpd_sys_script_t:s0 tcontext=unconfined_u:system_r:httpd_sys_script_t:s0 tclass=capability
type=AVC msg=audit(1423582417.047:322861): avc:  denied  { dac_read_search } for  pid=29436 comm="sudo" capability=2  scontext=unconfined_u:system_r:httpd_sys_script_t:s0 tcontext=unconfined_u:system_r:httpd_sys_script_t:s0 tclass=capability
type=AVC msg=audit(1423587538.115:323374): avc:  denied  { search } for  pid=32179 comm="sudo" name="32178" dev=proc ino=20590840 scontext=unconfined_u:system_r:httpd_sys_script_t:s0 tcontext=unconfined_u:system_r:httpd_t:s0 tclass=dir
type=AVC msg=audit(1423587538.115:323374): avc:  denied  { read } for  pid=32179 comm="sudo" name="stat" dev=proc ino=20590841 scontext=unconfined_u:system_r:httpd_sys_script_t:s0 tcontext=unconfined_u:system_r:httpd_t:s0 tclass=file
type=AVC msg=audit(1423587538.115:323374): avc:  denied  { open } for  pid=32179 comm="sudo" name="stat" dev=proc ino=20590841 scontext=unconfined_u:system_r:httpd_sys_script_t:s0 tcontext=unconfined_u:system_r:httpd_t:s0 tclass=file
type=AVC msg=audit(1423587538.115:323375): avc:  denied  { getattr } for  pid=32179 comm="sudo" path="/proc/32178/stat" dev=proc ino=20590841 scontext=unconfined_u:system_r:httpd_sys_script_t:s0 tcontext=unconfined_u:system_r:httpd_t:s0 tclass=file
type=AVC msg=audit(1423587538.117:323376): avc:  denied  { setuid } for  pid=32179 comm="sudo" capability=7  scontext=unconfined_u:system_r:httpd_sys_script_t:s0 tcontext=unconfined_u:system_r:httpd_sys_script_t:s0 tclass=capability
type=AVC msg=audit(1423587538.117:323377): avc:  denied  { setgid } for  pid=32179 comm="sudo" capability=6  scontext=unconfined_u:system_r:httpd_sys_script_t:s0 tcontext=unconfined_u:system_r:httpd_sys_script_t:s0 tclass=capability
type=AVC msg=audit(1423587538.120:323378): avc:  denied  { write } for  pid=32179 comm="sudo" name="log" dev=devtmpfs ino=12560 scontext=unconfined_u:system_r:httpd_sys_script_t:s0 tcontext=system_u:object_r:devlog_t:s0 tclass=sock_file
type=AVC msg=audit(1423587538.120:323378): avc:  denied  { sendto } for  pid=32179 comm="sudo" path="/dev/log" scontext=unconfined_u:system_r:httpd_sys_script_t:s0 tcontext=system_u:system_r:syslogd_t:s0 tclass=unix_dgram_socket
type=AVC msg=audit(1423587538.120:323379): avc:  denied  { create } for  pid=32179 comm="sudo" scontext=unconfined_u:system_r:httpd_sys_script_t:s0 tcontext=unconfined_u:system_r:httpd_sys_script_t:s0 tclass=netlink_audit_socket
type=AVC msg=audit(1423587538.120:323380): avc:  denied  { nlmsg_relay } for  pid=32179 comm="sudo" scontext=unconfined_u:system_r:httpd_sys_script_t:s0 tcontext=unconfined_u:system_r:httpd_sys_script_t:s0 tclass=netlink_audit_socket
type=AVC msg=audit(1423587538.120:323380): avc:  denied  { audit_write } for  pid=32179 comm="sudo" capability=29  scontext=unconfined_u:system_r:httpd_sys_script_t:s0 tcontext=unconfined_u:system_r:httpd_sys_script_t:s0 tclass=capability
type=AVC msg=audit(1423587538.121:323384): avc:  denied  { setrlimit } for  pid=32182 comm="sudo" scontext=unconfined_u:system_r:httpd_sys_script_t:s0 tcontext=unconfined_u:system_r:httpd_sys_script_t:s0 tclass=process
type=AVC msg=audit(1423587538.121:323384): avc:  denied  { sys_resource } for  pid=32182 comm="sudo" capability=24  scontext=unconfined_u:system_r:httpd_sys_script_t:s0 tcontext=unconfined_u:system_r:httpd_sys_script_t:s0 tclass=capability
type=AVC msg=audit(1423587573.878:323408): avc:  denied  { search } for  pid=32383 comm="sudo" name="32382" dev=proc ino=20591878 scontext=unconfined_u:system_r:httpd_sys_script_t:s0 tcontext=unconfined_u:system_r:httpd_t:s0 tclass=dir
type=AVC msg=audit(1423587573.878:323408): avc:  denied  { read } for  pid=32383 comm="sudo" name="stat" dev=proc ino=20591879 scontext=unconfined_u:system_r:httpd_sys_script_t:s0 tcontext=unconfined_u:system_r:httpd_t:s0 tclass=file
type=AVC msg=audit(1423587573.878:323408): avc:  denied  { open } for  pid=32383 comm="sudo" name="stat" dev=proc ino=20591879 scontext=unconfined_u:system_r:httpd_sys_script_t:s0 tcontext=unconfined_u:system_r:httpd_t:s0 tclass=file
type=AVC msg=audit(1423587573.878:323409): avc:  denied  { getattr } for  pid=32383 comm="sudo" path="/proc/32382/stat" dev=proc ino=20591879 scontext=unconfined_u:system_r:httpd_sys_script_t:s0 tcontext=unconfined_u:system_r:httpd_t:s0 tclass=file
type=AVC msg=audit(1423587617.788:323446): avc:  denied  { search } for  pid=32446 comm="sudo" name="32445" dev=proc ino=20594146 scontext=unconfined_u:system_r:httpd_sys_script_t:s0 tcontext=unconfined_u:system_r:httpd_t:s0 tclass=dir
type=AVC msg=audit(1423587617.789:323447): avc:  denied  { setuid } for  pid=32446 comm="sudo" capability=7  scontext=unconfined_u:system_r:httpd_sys_script_t:s0 tcontext=unconfined_u:system_r:httpd_sys_script_t:s0 tclass=capability
type=AVC msg=audit(1423587617.789:323448): avc:  denied  { setgid } for  pid=32446 comm="sudo" capability=6  scontext=unconfined_u:system_r:httpd_sys_script_t:s0 tcontext=unconfined_u:system_r:httpd_sys_script_t:s0 tclass=capability
type=AVC msg=audit(1423588168.893:323562): avc:  denied  { search } for  pid=340 comm="sudo" name="339" dev=proc ino=20602105 scontext=unconfined_u:system_r:httpd_sys_script_t:s0 tcontext=unconfined_u:system_r:httpd_t:s0 tclass=dir
type=AVC msg=audit(1423588168.893:323562): avc:  denied  { read } for  pid=340 comm="sudo" name="stat" dev=proc ino=20602106 scontext=unconfined_u:system_r:httpd_sys_script_t:s0 tcontext=unconfined_u:system_r:httpd_t:s0 tclass=file
type=AVC msg=audit(1423588168.893:323562): avc:  denied  { open } for  pid=340 comm="sudo" name="stat" dev=proc ino=20602106 scontext=unconfined_u:system_r:httpd_sys_script_t:s0 tcontext=unconfined_u:system_r:httpd_t:s0 tclass=file
type=AVC msg=audit(1423588168.893:323563): avc:  denied  { getattr } for  pid=340 comm="sudo" path="/proc/339/stat" dev=proc ino=20602106 scontext=unconfined_u:system_r:httpd_sys_script_t:s0 tcontext=unconfined_u:system_r:httpd_t:s0 tclass=file
type=AVC msg=audit(1423588168.894:323564): avc:  denied  { setuid } for  pid=340 comm="sudo" capability=7  scontext=unconfined_u:system_r:httpd_sys_script_t:s0 tcontext=unconfined_u:system_r:httpd_sys_script_t:s0 tclass=capability
type=AVC msg=audit(1423588168.894:323565): avc:  denied  { setgid } for  pid=340 comm="sudo" capability=6  scontext=unconfined_u:system_r:httpd_sys_script_t:s0 tcontext=unconfined_u:system_r:httpd_sys_script_t:s0 tclass=capability
type=AVC msg=audit(1423588168.896:323566): avc:  denied  { write } for  pid=340 comm="sudo" name="log" dev=devtmpfs ino=12560 scontext=unconfined_u:system_r:httpd_sys_script_t:s0 tcontext=system_u:object_r:devlog_t:s0 tclass=sock_file
type=AVC msg=audit(1423588168.896:323566): avc:  denied  { sendto } for  pid=340 comm="sudo" path="/dev/log" scontext=unconfined_u:system_r:httpd_sys_script_t:s0 tcontext=system_u:system_r:syslogd_t:s0 tclass=unix_dgram_socket
type=AVC msg=audit(1423588168.897:323567): avc:  denied  { create } for  pid=340 comm="sudo" scontext=unconfined_u:system_r:httpd_sys_script_t:s0 tcontext=unconfined_u:system_r:httpd_sys_script_t:s0 tclass=netlink_audit_socket
type=AVC msg=audit(1423588168.897:323568): avc:  denied  { nlmsg_relay } for  pid=340 comm="sudo" scontext=unconfined_u:system_r:httpd_sys_script_t:s0 tcontext=unconfined_u:system_r:httpd_sys_script_t:s0 tclass=netlink_audit_socket
type=AVC msg=audit(1423588168.897:323568): avc:  denied  { audit_write } for  pid=340 comm="sudo" capability=29  scontext=unconfined_u:system_r:httpd_sys_script_t:s0 tcontext=unconfined_u:system_r:httpd_sys_script_t:s0 tclass=capability
type=AVC msg=audit(1423588168.897:323572): avc:  denied  { setrlimit } for  pid=343 comm="sudo" scontext=unconfined_u:system_r:httpd_sys_script_t:s0 tcontext=unconfined_u:system_r:httpd_sys_script_t:s0 tclass=process
type=AVC msg=audit(1423588168.897:323572): avc:  denied  { sys_resource } for  pid=343 comm="sudo" capability=24  scontext=unconfined_u:system_r:httpd_sys_script_t:s0 tcontext=unconfined_u:system_r:httpd_sys_script_t:s0 tclass=capability
type=AVC msg=audit(1423588185.635:323592): avc:  denied  { search } for  pid=555 comm="sudo" name="554" dev=proc ino=20604745 scontext=unconfined_u:system_r:httpd_sys_script_t:s0 tcontext=unconfined_u:system_r:httpd_t:s0 tclass=dir
type=AVC msg=audit(1423588185.638:323593): avc:  denied  { setuid } for  pid=555 comm="sudo" capability=7  scontext=unconfined_u:system_r:httpd_sys_script_t:s0 tcontext=unconfined_u:system_r:httpd_sys_script_t:s0 tclass=capability
type=AVC msg=audit(1423588185.638:323594): avc:  denied  { setgid } for  pid=555 comm="sudo" capability=6  scontext=unconfined_u:system_r:httpd_sys_script_t:s0 tcontext=unconfined_u:system_r:httpd_sys_script_t:s0 tclass=capability
type=AVC msg=audit(1423589133.697:323648): avc:  denied  { search } for  pid=798 comm="sudo" name="797" dev=proc ino=20609058 scontext=unconfined_u:system_r:httpd_sys_script_t:s0 tcontext=unconfined_u:system_r:httpd_t:s0 tclass=dir
type=AVC msg=audit(1423589133.698:323649): avc:  denied  { setuid } for  pid=798 comm="sudo" capability=7  scontext=unconfined_u:system_r:httpd_sys_script_t:s0 tcontext=unconfined_u:system_r:httpd_sys_script_t:s0 tclass=capability
type=AVC msg=audit(1423589133.698:323650): avc:  denied  { setgid } for  pid=798 comm="sudo" capability=6  scontext=unconfined_u:system_r:httpd_sys_script_t:s0 tcontext=unconfined_u:system_r:httpd_sys_script_t:s0 tclass=capability
type=AVC msg=audit(1423630888.796:325560): avc:  denied  { search } for  pid=15314 comm="sudo" name="15313" dev=proc ino=20709020 scontext=unconfined_u:system_r:httpd_sys_script_t:s0 tcontext=unconfined_u:system_r:httpd_t:s0 tclass=dir
type=AVC msg=audit(1423630888.798:325561): avc:  denied  { setuid } for  pid=15314 comm="sudo" capability=7  scontext=unconfined_u:system_r:httpd_sys_script_t:s0 tcontext=unconfined_u:system_r:httpd_sys_script_t:s0 tclass=capability
type=AVC msg=audit(1423630888.798:325562): avc:  denied  { setgid } for  pid=15314 comm="sudo" capability=6  scontext=unconfined_u:system_r:httpd_sys_script_t:s0 tcontext=unconfined_u:system_r:httpd_sys_script_t:s0 tclass=capability
type=AVC msg=audit(1423630890.334:325563): avc:  denied  { search } for  pid=15322 comm="sudo" name="15321" dev=proc ino=20709067 scontext=unconfined_u:system_r:httpd_sys_script_t:s0 tcontext=unconfined_u:system_r:httpd_t:s0 tclass=dir
type=AVC msg=audit(1423630890.336:325564): avc:  denied  { setuid } for  pid=15322 comm="sudo" capability=7  scontext=unconfined_u:system_r:httpd_sys_script_t:s0 tcontext=unconfined_u:system_r:httpd_sys_script_t:s0 tclass=capability
type=AVC msg=audit(1423630890.336:325565): avc:  denied  { setgid } for  pid=15322 comm="sudo" capability=6  scontext=unconfined_u:system_r:httpd_sys_script_t:s0 tcontext=unconfined_u:system_r:httpd_sys_script_t:s0 tclass=capability
type=AVC msg=audit(1423634473.348:325818): avc:  denied  { search } for  pid=16763 comm="sudo" name="16762" dev=proc ino=20721249 scontext=unconfined_u:system_r:httpd_sys_script_t:s0 tcontext=unconfined_u:system_r:httpd_t:s0 tclass=dir
type=AVC msg=audit(1423634473.349:325819): avc:  denied  { setuid } for  pid=16763 comm="sudo" capability=7  scontext=unconfined_u:system_r:httpd_sys_script_t:s0 tcontext=unconfined_u:system_r:httpd_sys_script_t:s0 tclass=capability
type=AVC msg=audit(1423634473.349:325820): avc:  denied  { setgid } for  pid=16763 comm="sudo" capability=6  scontext=unconfined_u:system_r:httpd_sys_script_t:s0 tcontext=unconfined_u:system_r:httpd_sys_script_t:s0 tclass=capability
type=AVC msg=audit(1423634474.462:325821): avc:  denied  { search } for  pid=16767 comm="sudo" name="16766" dev=proc ino=20721288 scontext=unconfined_u:system_r:httpd_sys_script_t:s0 tcontext=unconfined_u:system_r:httpd_t:s0 tclass=dir
type=AVC msg=audit(1423634474.463:325822): avc:  denied  { setuid } for  pid=16767 comm="sudo" capability=7  scontext=unconfined_u:system_r:httpd_sys_script_t:s0 tcontext=unconfined_u:system_r:httpd_sys_script_t:s0 tclass=capability
type=AVC msg=audit(1423634474.463:325823): avc:  denied  { setgid } for  pid=16767 comm="sudo" capability=6  scontext=unconfined_u:system_r:httpd_sys_script_t:s0 tcontext=unconfined_u:system_r:httpd_sys_script_t:s0 tclass=capability
type=AVC msg=audit(1423634475.747:325824): avc:  denied  { search } for  pid=16769 comm="sudo" name="16768" dev=proc ino=20721300 scontext=unconfined_u:system_r:httpd_sys_script_t:s0 tcontext=unconfined_u:system_r:httpd_t:s0 tclass=dir
type=AVC msg=audit(1423634475.748:325825): avc:  denied  { setuid } for  pid=16769 comm="sudo" capability=7  scontext=unconfined_u:system_r:httpd_sys_script_t:s0 tcontext=unconfined_u:system_r:httpd_sys_script_t:s0 tclass=capability
type=AVC msg=audit(1423634475.748:325826): avc:  denied  { setgid } for  pid=16769 comm="sudo" capability=6  scontext=unconfined_u:system_r:httpd_sys_script_t:s0 tcontext=unconfined_u:system_r:httpd_sys_script_t:s0 tclass=capability
type=AVC msg=audit(1423635148.552:325861): avc:  denied  { search } for  pid=17107 comm="sudo" name="17106" dev=proc ino=20723401 scontext=unconfined_u:system_r:httpd_sys_script_t:s0 tcontext=unconfined_u:system_r:httpd_t:s0 tclass=dir
type=AVC msg=audit(1423635148.554:325862): avc:  denied  { setuid } for  pid=17107 comm="sudo" capability=7  scontext=unconfined_u:system_r:httpd_sys_script_t:s0 tcontext=unconfined_u:system_r:httpd_sys_script_t:s0 tclass=capability
type=AVC msg=audit(1423635148.555:325863): avc:  denied  { setgid } for  pid=17107 comm="sudo" capability=6  scontext=unconfined_u:system_r:httpd_sys_script_t:s0 tcontext=unconfined_u:system_r:httpd_sys_script_t:s0 tclass=capability
type=AVC msg=audit(1423635151.830:325865): avc:  denied  { search } for  pid=17135 comm="sudo" name="17134" dev=proc ino=20723552 scontext=unconfined_u:system_r:httpd_sys_script_t:s0 tcontext=unconfined_u:system_r:httpd_t:s0 tclass=dir
type=AVC msg=audit(1423635151.832:325866): avc:  denied  { setuid } for  pid=17135 comm="sudo" capability=7  scontext=unconfined_u:system_r:httpd_sys_script_t:s0 tcontext=unconfined_u:system_r:httpd_sys_script_t:s0 tclass=capability
type=AVC msg=audit(1423635151.832:325867): avc:  denied  { setgid } for  pid=17135 comm="sudo" capability=6  scontext=unconfined_u:system_r:httpd_sys_script_t:s0 tcontext=unconfined_u:system_r:httpd_sys_script_t:s0 tclass=capability
type=AVC msg=audit(1423638104.861:326042): avc:  denied  { search } for  pid=18369 comm="sudo" name="18368" dev=proc ino=20736661 scontext=unconfined_u:system_r:httpd_sys_script_t:s0 tcontext=unconfined_u:system_r:httpd_t:s0 tclass=dir
type=AVC msg=audit(1423638104.864:326043): avc:  denied  { setuid } for  pid=18369 comm="sudo" capability=7  scontext=unconfined_u:system_r:httpd_sys_script_t:s0 tcontext=unconfined_u:system_r:httpd_sys_script_t:s0 tclass=capability
type=AVC msg=audit(1423638104.864:326044): avc:  denied  { setgid } for  pid=18369 comm="sudo" capability=6  scontext=unconfined_u:system_r:httpd_sys_script_t:s0 tcontext=unconfined_u:system_r:httpd_sys_script_t:s0 tclass=capability
type=AVC msg=audit(1423638202.456:326049): avc:  denied  { search } for  pid=18484 comm="sudo" name="18483" dev=proc ino=20738129 scontext=unconfined_u:system_r:httpd_sys_script_t:s0 tcontext=unconfined_u:system_r:httpd_t:s0 tclass=dir
type=AVC msg=audit(1423638202.458:326050): avc:  denied  { setuid } for  pid=18484 comm="sudo" capability=7  scontext=unconfined_u:system_r:httpd_sys_script_t:s0 tcontext=unconfined_u:system_r:httpd_sys_script_t:s0 tclass=capability
type=AVC msg=audit(1423638202.458:326051): avc:  denied  { setgid } for  pid=18484 comm="sudo" capability=6  scontext=unconfined_u:system_r:httpd_sys_script_t:s0 tcontext=unconfined_u:system_r:httpd_sys_script_t:s0 tclass=capability
type=AVC msg=audit(1423638203.829:326052): avc:  denied  { search } for  pid=18490 comm="sudo" name="18489" dev=proc ino=20738171 scontext=unconfined_u:system_r:httpd_sys_script_t:s0 tcontext=unconfined_u:system_r:httpd_t:s0 tclass=dir
type=AVC msg=audit(1423638203.830:326053): avc:  denied  { setuid } for  pid=18490 comm="sudo" capability=7  scontext=unconfined_u:system_r:httpd_sys_script_t:s0 tcontext=unconfined_u:system_r:httpd_sys_script_t:s0 tclass=capability
type=AVC msg=audit(1423638203.830:326054): avc:  denied  { setgid } for  pid=18490 comm="sudo" capability=6  scontext=unconfined_u:system_r:httpd_sys_script_t:s0 tcontext=unconfined_u:system_r:httpd_sys_script_t:s0 tclass=capability
type=AVC msg=audit(1423638204.579:326055): avc:  denied  { search } for  pid=18494 comm="sudo" name="18493" dev=proc ino=20738186 scontext=unconfined_u:system_r:httpd_sys_script_t:s0 tcontext=unconfined_u:system_r:httpd_t:s0 tclass=dir
type=AVC msg=audit(1423638204.580:326056): avc:  denied  { setuid } for  pid=18494 comm="sudo" capability=7  scontext=unconfined_u:system_r:httpd_sys_script_t:s0 tcontext=unconfined_u:system_r:httpd_sys_script_t:s0 tclass=capability
type=AVC msg=audit(1423638204.580:326057): avc:  denied  { setgid } for  pid=18494 comm="sudo" capability=6  scontext=unconfined_u:system_r:httpd_sys_script_t:s0 tcontext=unconfined_u:system_r:httpd_sys_script_t:s0 tclass=capability
type=AVC msg=audit(1423638205.328:326058): avc:  denied  { search } for  pid=18529 comm="sudo" name="18528" dev=proc ino=20738337 scontext=unconfined_u:system_r:httpd_sys_script_t:s0 tcontext=unconfined_u:system_r:httpd_t:s0 tclass=dir
type=AVC msg=audit(1423638205.330:326059): avc:  denied  { setuid } for  pid=18529 comm="sudo" capability=7  scontext=unconfined_u:system_r:httpd_sys_script_t:s0 tcontext=unconfined_u:system_r:httpd_sys_script_t:s0 tclass=capability
type=AVC msg=audit(1423638205.330:326060): avc:  denied  { setgid } for  pid=18529 comm="sudo" capability=6  scontext=unconfined_u:system_r:httpd_sys_script_t:s0 tcontext=unconfined_u:system_r:httpd_sys_script_t:s0 tclass=capability
type=AVC msg=audit(1423638206.828:326061): avc:  denied  { search } for  pid=18586 comm="sudo" name="18585" dev=proc ino=20738616 scontext=unconfined_u:system_r:httpd_sys_script_t:s0 tcontext=unconfined_u:system_r:httpd_t:s0 tclass=dir
type=AVC msg=audit(1423638206.830:326062): avc:  denied  { setuid } for  pid=18586 comm="sudo" capability=7  scontext=unconfined_u:system_r:httpd_sys_script_t:s0 tcontext=unconfined_u:system_r:httpd_sys_script_t:s0 tclass=capability
type=AVC msg=audit(1423638206.830:326063): avc:  denied  { setgid } for  pid=18586 comm="sudo" capability=6  scontext=unconfined_u:system_r:httpd_sys_script_t:s0 tcontext=unconfined_u:system_r:httpd_sys_script_t:s0 tclass=capability
type=AVC msg=audit(1423638208.608:326064): avc:  denied  { search } for  pid=18610 comm="sudo" name="18609" dev=proc ino=20738727 scontext=unconfined_u:system_r:httpd_sys_script_t:s0 tcontext=unconfined_u:system_r:httpd_t:s0 tclass=dir
type=AVC msg=audit(1423638208.609:326065): avc:  denied  { setuid } for  pid=18610 comm="sudo" capability=7  scontext=unconfined_u:system_r:httpd_sys_script_t:s0 tcontext=unconfined_u:system_r:httpd_sys_script_t:s0 tclass=capability
type=AVC msg=audit(1423638208.609:326066): avc:  denied  { setgid } for  pid=18610 comm="sudo" capability=6  scontext=unconfined_u:system_r:httpd_sys_script_t:s0 tcontext=unconfined_u:system_r:httpd_sys_script_t:s0 tclass=capability
type=AVC msg=audit(1423638258.728:326068): avc:  denied  { search } for  pid=18655 comm="sudo" name="18654" dev=proc ino=20739047 scontext=unconfined_u:system_r:httpd_sys_script_t:s0 tcontext=unconfined_u:system_r:httpd_t:s0 tclass=dir
type=AVC msg=audit(1423638258.730:326069): avc:  denied  { setuid } for  pid=18655 comm="sudo" capability=7  scontext=unconfined_u:system_r:httpd_sys_script_t:s0 tcontext=unconfined_u:system_r:httpd_sys_script_t:s0 tclass=capability
type=AVC msg=audit(1423638258.730:326070): avc:  denied  { setgid } for  pid=18655 comm="sudo" capability=6  scontext=unconfined_u:system_r:httpd_sys_script_t:s0 tcontext=unconfined_u:system_r:httpd_sys_script_t:s0 tclass=capability
type=AVC msg=audit(1423638259.500:326071): avc:  denied  { search } for  pid=18661 comm="sudo" name="18660" dev=proc ino=20739087 scontext=unconfined_u:system_r:httpd_sys_script_t:s0 tcontext=unconfined_u:system_r:httpd_t:s0 tclass=dir
type=AVC msg=audit(1423638259.501:326072): avc:  denied  { setuid } for  pid=18661 comm="sudo" capability=7  scontext=unconfined_u:system_r:httpd_sys_script_t:s0 tcontext=unconfined_u:system_r:httpd_sys_script_t:s0 tclass=capability
type=AVC msg=audit(1423638259.501:326073): avc:  denied  { setgid } for  pid=18661 comm="sudo" capability=6  scontext=unconfined_u:system_r:httpd_sys_script_t:s0 tcontext=unconfined_u:system_r:httpd_sys_script_t:s0 tclass=capability
type=AVC msg=audit(1423638319.160:326077): avc:  denied  { search } for  pid=18739 comm="sudo" name="18738" dev=proc ino=20739562 scontext=unconfined_u:system_r:httpd_sys_script_t:s0 tcontext=unconfined_u:system_r:httpd_t:s0 tclass=dir
type=AVC msg=audit(1423638319.163:326078): avc:  denied  { setuid } for  pid=18739 comm="sudo" capability=7  scontext=unconfined_u:system_r:httpd_sys_script_t:s0 tcontext=unconfined_u:system_r:httpd_sys_script_t:s0 tclass=capability
type=AVC msg=audit(1423638319.163:326079): avc:  denied  { setgid } for  pid=18739 comm="sudo" capability=6  scontext=unconfined_u:system_r:httpd_sys_script_t:s0 tcontext=unconfined_u:system_r:httpd_sys_script_t:s0 tclass=capability
type=AVC msg=audit(1423638320.621:326080): avc:  denied  { search } for  pid=18743 comm="sudo" name="18742" dev=proc ino=20739599 scontext=unconfined_u:system_r:httpd_sys_script_t:s0 tcontext=unconfined_u:system_r:httpd_t:s0 tclass=dir
type=AVC msg=audit(1423638320.622:326081): avc:  denied  { setuid } for  pid=18743 comm="sudo" capability=7  scontext=unconfined_u:system_r:httpd_sys_script_t:s0 tcontext=unconfined_u:system_r:httpd_sys_script_t:s0 tclass=capability
type=AVC msg=audit(1423638320.622:326082): avc:  denied  { setgid } for  pid=18743 comm="sudo" capability=6  scontext=unconfined_u:system_r:httpd_sys_script_t:s0 tcontext=unconfined_u:system_r:httpd_sys_script_t:s0 tclass=capability
type=AVC msg=audit(1423638527.274:326096): avc:  denied  { search } for  pid=18886 comm="sudo" name="18885" dev=proc ino=20740837 scontext=unconfined_u:system_r:httpd_sys_script_t:s0 tcontext=unconfined_u:system_r:httpd_t:s0 tclass=dir
type=AVC msg=audit(1423638527.276:326097): avc:  denied  { setuid } for  pid=18886 comm="sudo" capability=7  scontext=unconfined_u:system_r:httpd_sys_script_t:s0 tcontext=unconfined_u:system_r:httpd_sys_script_t:s0 tclass=capability
type=AVC msg=audit(1423638527.276:326098): avc:  denied  { setgid } for  pid=18886 comm="sudo" capability=6  scontext=unconfined_u:system_r:httpd_sys_script_t:s0 tcontext=unconfined_u:system_r:httpd_sys_script_t:s0 tclass=capability
type=AVC msg=audit(1423638528.517:326099): avc:  denied  { search } for  pid=18890 comm="sudo" name="18889" dev=proc ino=20740874 scontext=unconfined_u:system_r:httpd_sys_script_t:s0 tcontext=unconfined_u:system_r:httpd_t:s0 tclass=dir
type=AVC msg=audit(1423638528.518:326100): avc:  denied  { setuid } for  pid=18890 comm="sudo" capability=7  scontext=unconfined_u:system_r:httpd_sys_script_t:s0 tcontext=unconfined_u:system_r:httpd_sys_script_t:s0 tclass=capability
type=AVC msg=audit(1423638528.518:326101): avc:  denied  { setgid } for  pid=18890 comm="sudo" capability=6  scontext=unconfined_u:system_r:httpd_sys_script_t:s0 tcontext=unconfined_u:system_r:httpd_sys_script_t:s0 tclass=capability
type=AVC msg=audit(1423638529.397:326102): avc:  denied  { search } for  pid=18892 comm="sudo" name="18891" dev=proc ino=20740886 scontext=unconfined_u:system_r:httpd_sys_script_t:s0 tcontext=unconfined_u:system_r:httpd_t:s0 tclass=dir
type=AVC msg=audit(1423638529.398:326103): avc:  denied  { setuid } for  pid=18892 comm="sudo" capability=7  scontext=unconfined_u:system_r:httpd_sys_script_t:s0 tcontext=unconfined_u:system_r:httpd_sys_script_t:s0 tclass=capability
type=AVC msg=audit(1423638529.398:326104): avc:  denied  { setgid } for  pid=18892 comm="sudo" capability=6  scontext=unconfined_u:system_r:httpd_sys_script_t:s0 tcontext=unconfined_u:system_r:httpd_sys_script_t:s0 tclass=capability
type=AVC msg=audit(1423638530.833:326105): avc:  denied  { search } for  pid=18957 comm="sudo" name="18956" dev=proc ino=20741193 scontext=unconfined_u:system_r:httpd_sys_script_t:s0 tcontext=unconfined_u:system_r:httpd_t:s0 tclass=dir
type=AVC msg=audit(1423638530.835:326106): avc:  denied  { setuid } for  pid=18957 comm="sudo" capability=7  scontext=unconfined_u:system_r:httpd_sys_script_t:s0 tcontext=unconfined_u:system_r:httpd_sys_script_t:s0 tclass=capability
type=AVC msg=audit(1423638530.835:326107): avc:  denied  { setgid } for  pid=18957 comm="sudo" capability=6  scontext=unconfined_u:system_r:httpd_sys_script_t:s0 tcontext=unconfined_u:system_r:httpd_sys_script_t:s0 tclass=capability
